<?xml version="1.0" encoding="UTF-8"?>
<!-- Generated by org.testng.reporters.JUnitReportReporter -->
<testsuite hostname="C192" failures="0" tests="1" name="PositiveTestCases.TC_AlertPage" time="38.151" errors="0" timestamp="2024-12-31T16:46:53 IST" skipped="0">
  <testcase classname="PositiveTestCases.TC_AlertPage" name="checkFilersAreWorkingProper" time="38.151"/>
  <system-out/>
</testsuite> <!-- PositiveTestCases.TC_AlertPage -->
